Thu, 23 Sep 2021 06:16:16 GMT | ERROR  | HTTP 404: ask for:  http://localhost:3000/
Thu, 23 Sep 2021 07:31:09 GMT | ERROR  | HTTP 404: ask for:  http://localhost:3000/todo?id=614c25c002b269102cfab999
Thu, 23 Sep 2021 07:32:37 GMT | ERROR  | HTTP 404: ask for:  http://localhost:3000/todo?id=614c25c002b269102cfab999
Thu, 23 Sep 2021 07:41:09 GMT | ERROR  | HTTP 404: ask for:  http://localhost:3000/todo?title=Mon%20deuxieme%20todo
Thu, 23 Sep 2021 07:46:03 GMT | ERROR  | HTTP 404: ask for:  http://localhost:3000/api/v1
Mon, 27 Sep 2021 11:46:51 GMT | ERROR  | HTTP 404: ask for:  http://localhost:3000/boutiques
Mon, 27 Sep 2021 11:46:53 GMT | ERROR  | HTTP 404: ask for:  http://localhost:3000/boutique
Mon, 27 Sep 2021 11:47:20 GMT | ERROR  | HTTP 404: ask for:  http://localhost:3000/boutiques
Mon, 27 Sep 2021 12:18:07 GMT | ERROR  | HTTP 404: ask for:  http://localhost:3000/reads
Mon, 27 Sep 2021 12:18:50 GMT | ERROR  | HTTP 404: ask for:  http://localhost:3000/6151b54545425d1384fccde9
Mon, 27 Sep 2021 12:57:55 GMT | ERROR  | HTTP 404: ask for:  http://localhost:3000/produit
Fri, 01 Oct 2021 13:18:51 GMT | ERROR  | HTTP 404: ask for:  http://localhost:3000/api/v1/produits
Mon, 08 Nov 2021 12:39:13 GMT | ERROR  | HTTP 404: ask for:  http://localhost:3000/api/v1/todos
Mon, 08 Nov 2021 12:39:13 GMT | ERROR  | HTTP 404: ask for:  http://localhost:3000/api/v1/todos
Mon, 08 Nov 2021 12:39:55 GMT | ERROR  | HTTP 404: ask for:  http://localhost:3000/api/v1/todos
Mon, 08 Nov 2021 12:40:02 GMT | ERROR  | HTTP 404: ask for:  http://localhost:3000/api/v1/todo/
Mon, 08 Nov 2021 12:40:04 GMT | ERROR  | HTTP 404: ask for:  http://localhost:3000/api/v1/todos
Mon, 08 Nov 2021 12:41:48 GMT | ERROR  | HTTP 404: ask for:  http://localhost:3000/api/v1/todos
Mon, 08 Nov 2021 12:41:48 GMT | ERROR  | HTTP 404: ask for:  http://localhost:3000/api/v1/todos
Mon, 08 Nov 2021 12:41:50 GMT | ERROR  | HTTP 404: ask for:  http://localhost:3000/api/v1/todo/
Mon, 08 Nov 2021 12:43:14 GMT | ERROR  | HTTP 404: ask for:  http://localhost:3000/api/v1/todos
Mon, 08 Nov 2021 12:43:14 GMT | ERROR  | HTTP 404: ask for:  http://localhost:3000/api/v1/todos
Mon, 08 Nov 2021 12:56:30 GMT | ERROR  | HTTP 404: ask for:  http://localhost:3000/api/v1/todos
Mon, 08 Nov 2021 12:56:30 GMT | ERROR  | HTTP 404: ask for:  http://localhost:3000/api/v1/todos
Mon, 08 Nov 2021 13:48:11 GMT | ERROR  | HTTP 404: ask for:  http://localhost:3000/api/v1/todos
Mon, 08 Nov 2021 13:48:11 GMT | ERROR  | HTTP 404: ask for:  http://localhost:3000/api/v1/todos
Mon, 08 Nov 2021 13:48:11 GMT | ERROR  | HTTP 404: ask for:  http://localhost:3000/api/v1/todos
Mon, 08 Nov 2021 13:48:11 GMT | ERROR  | HTTP 404: ask for:  http://localhost:3000/api/v1/todos
Mon, 15 Nov 2021 16:31:31 GMT | ERROR  | HTTP 404: ask for:  http://localhost:3000/product
Mon, 15 Nov 2021 16:31:31 GMT | ERROR  | HTTP 404: ask for:  http://localhost:3000/favicon.ico
Mon, 15 Nov 2021 16:31:35 GMT | ERROR  | HTTP 404: ask for:  http://localhost:3000/
Mon, 15 Nov 2021 16:36:34 GMT | ERROR  | HTTP 404: ask for:  http://localhost:3000/addproduct
Wed, 17 Nov 2021 07:30:04 GMT | ERROR  | HTTP 404: ask for:  http://localhost:3000/api/v1/produits
Wed, 17 Nov 2021 07:30:04 GMT | ERROR  | HTTP 404: ask for:  http://localhost:3000/api/v1/produits
Wed, 17 Nov 2021 07:30:08 GMT | ERROR  | HTTP 404: ask for:  http://localhost:3000/api/v1/produits
Wed, 17 Nov 2021 07:30:08 GMT | ERROR  | HTTP 404: ask for:  http://localhost:3000/api/v1/produits
Wed, 17 Nov 2021 07:30:13 GMT | ERROR  | HTTP 404: ask for:  http://localhost:3000/api/v1/produits
Wed, 17 Nov 2021 07:30:13 GMT | ERROR  | HTTP 404: ask for:  http://localhost:3000/api/v1/produits
Wed, 17 Nov 2021 07:30:45 GMT | ERROR  | HTTP 404: ask for:  http://localhost:3000/api/v1/produits
Wed, 17 Nov 2021 07:30:45 GMT | ERROR  | HTTP 404: ask for:  http://localhost:3000/api/v1/produits
Wed, 17 Nov 2021 07:30:56 GMT | ERROR  | HTTP 404: ask for:  http://localhost:3000/api/v1/produits
Wed, 17 Nov 2021 07:30:56 GMT | ERROR  | HTTP 404: ask for:  http://localhost:3000/api/v1/produits
Wed, 17 Nov 2021 07:31:04 GMT | ERROR  | HTTP 404: ask for:  http://localhost:3000/api/v1/produits
Wed, 17 Nov 2021 07:31:04 GMT | ERROR  | HTTP 404: ask for:  http://localhost:3000/api/v1/produits
Wed, 17 Nov 2021 07:31:15 GMT | ERROR  | HTTP 404: ask for:  http://localhost:3000/api/v1/produits
Wed, 17 Nov 2021 07:31:15 GMT | ERROR  | HTTP 404: ask for:  http://localhost:3000/api/v1/produits
Wed, 17 Nov 2021 07:31:47 GMT | ERROR  | HTTP 404: ask for:  http://localhost:3000/api/v1/produits
Wed, 17 Nov 2021 07:31:47 GMT | ERROR  | HTTP 404: ask for:  http://localhost:3000/api/v1/produits
Wed, 17 Nov 2021 07:32:37 GMT | ERROR  | HTTP 404: ask for:  http://localhost:3000/api/v1/produits
Wed, 17 Nov 2021 07:32:37 GMT | ERROR  | HTTP 404: ask for:  http://localhost:3000/api/v1/produits
Wed, 17 Nov 2021 07:32:40 GMT | ERROR  | HTTP 404: ask for:  http://localhost:3000/api/v1/produits/
Wed, 17 Nov 2021 07:32:41 GMT | ERROR  | HTTP 404: ask for:  http://localhost:3000/api/v1/produits/
Wed, 17 Nov 2021 07:32:45 GMT | ERROR  | HTTP 404: ask for:  http://localhost:3000/api/v1/produits/
Wed, 17 Nov 2021 07:32:45 GMT | ERROR  | HTTP 404: ask for:  http://localhost:3000/api/v1/produits/
Wed, 17 Nov 2021 07:32:49 GMT | ERROR  | HTTP 404: ask for:  http://localhost:3000/api/v1/produits/
Wed, 17 Nov 2021 07:34:40 GMT | ERROR  | HTTP 404: ask for:  http://localhost:3000/api/v1/produits/
Wed, 17 Nov 2021 07:34:40 GMT | ERROR  | HTTP 404: ask for:  http://localhost:3000/api/v1/produits/
Wed, 17 Nov 2021 07:34:50 GMT | ERROR  | HTTP 404: ask for:  http://localhost:3000/api/v1/produits/
Wed, 17 Nov 2021 07:35:10 GMT | ERROR  | HTTP 404: ask for:  http://localhost:3000/api/v1/produits/
Wed, 17 Nov 2021 07:35:10 GMT | ERROR  | HTTP 404: ask for:  http://localhost:3000/api/v1/produits/
Wed, 17 Nov 2021 07:35:28 GMT | ERROR  | HTTP 404: ask for:  http://localhost:3000/api/v1/produits/
Wed, 17 Nov 2021 07:35:29 GMT | ERROR  | HTTP 404: ask for:  http://localhost:3000/api/v1/produits/
Wed, 17 Nov 2021 07:35:32 GMT | ERROR  | HTTP 404: ask for:  http://localhost:3000/api/v1/produits/
Wed, 17 Nov 2021 07:35:32 GMT | ERROR  | HTTP 404: ask for:  http://localhost:3000/api/v1/produits/
Wed, 17 Nov 2021 07:39:17 GMT | ERROR  | HTTP 404: ask for:  http://localhost:3000/api/v1/produits/
Wed, 17 Nov 2021 07:39:17 GMT | ERROR  | HTTP 404: ask for:  http://localhost:3000/api/v1/produits/
Wed, 17 Nov 2021 07:39:38 GMT | ERROR  | HTTP 404: ask for:  http://localhost:3000/api/v1/produits/
Wed, 17 Nov 2021 07:39:38 GMT | ERROR  | HTTP 404: ask for:  http://localhost:3000/api/v1/produits/
Wed, 17 Nov 2021 07:39:43 GMT | ERROR  | HTTP 404: ask for:  http://localhost:3000/api/v1/produits/
Wed, 17 Nov 2021 07:39:43 GMT | ERROR  | HTTP 404: ask for:  http://localhost:3000/api/v1/produits/
Wed, 17 Nov 2021 07:40:11 GMT | ERROR  | HTTP 404: ask for:  http://localhost:3000/api/v1/produits/
Wed, 17 Nov 2021 07:40:11 GMT | ERROR  | HTTP 404: ask for:  http://localhost:3000/api/v1/produits/
Wed, 17 Nov 2021 07:40:13 GMT | ERROR  | HTTP 404: ask for:  http://localhost:3000/api/v1/produits/
Wed, 17 Nov 2021 07:40:13 GMT | ERROR  | HTTP 404: ask for:  http://localhost:3000/api/v1/produits/
Wed, 17 Nov 2021 07:41:01 GMT | ERROR  | HTTP 404: ask for:  http://localhost:3000/api/v1/produits/
Wed, 17 Nov 2021 07:41:01 GMT | ERROR  | HTTP 404: ask for:  http://localhost:3000/api/v1/produits/
Wed, 17 Nov 2021 07:41:06 GMT | ERROR  | HTTP 404: ask for:  http://localhost:3000/api/v1/produits/
Wed, 17 Nov 2021 07:41:06 GMT | ERROR  | HTTP 404: ask for:  http://localhost:3000/api/v1/produits/
Wed, 17 Nov 2021 07:41:27 GMT | ERROR  | HTTP 404: ask for:  http://localhost:3000/api/v1/produits/
Wed, 17 Nov 2021 07:41:27 GMT | ERROR  | HTTP 404: ask for:  http://localhost:3000/api/v1/produits/
Wed, 17 Nov 2021 07:54:26 GMT | ERROR  | HTTP 404: ask for:  http://localhost:3000/api/v1/produits/
Wed, 17 Nov 2021 07:54:26 GMT | ERROR  | HTTP 404: ask for:  http://localhost:3000/api/v1/produits/
Wed, 17 Nov 2021 07:54:38 GMT | ERROR  | HTTP 404: ask for:  http://localhost:3000/api/v1/produits/
Wed, 17 Nov 2021 07:54:40 GMT | ERROR  | HTTP 404: ask for:  http://localhost:3000/api/v1/produits/
Wed, 17 Nov 2021 07:54:40 GMT | ERROR  | HTTP 404: ask for:  http://localhost:3000/api/v1/produits/
Wed, 17 Nov 2021 07:54:42 GMT | ERROR  | HTTP 404: ask for:  http://localhost:3000/api/v1/produits/
Wed, 17 Nov 2021 07:54:42 GMT | ERROR  | HTTP 404: ask for:  http://localhost:3000/api/v1/produits/
Wed, 17 Nov 2021 07:54:53 GMT | ERROR  | HTTP 404: ask for:  http://localhost:3000/api/v1/produits/
Wed, 17 Nov 2021 07:54:53 GMT | ERROR  | HTTP 404: ask for:  http://localhost:3000/api/v1/produits/
Wed, 17 Nov 2021 07:54:53 GMT | ERROR  | HTTP 404: ask for:  http://localhost:3000/api/v1/produits/
Wed, 17 Nov 2021 07:54:53 GMT | ERROR  | HTTP 404: ask for:  http://localhost:3000/api/v1/produits/
Wed, 17 Nov 2021 07:55:07 GMT | ERROR  | HTTP 404: ask for:  http://localhost:3000/api/v1/produits/
Wed, 17 Nov 2021 07:55:08 GMT | ERROR  | HTTP 404: ask for:  http://localhost:3000/api/v1/produits/
Wed, 17 Nov 2021 07:55:22 GMT | ERROR  | HTTP 404: ask for:  http://localhost:3000/api/v1/produits/
Wed, 17 Nov 2021 07:55:22 GMT | ERROR  | HTTP 404: ask for:  http://localhost:3000/api/v1/produits/
Wed, 17 Nov 2021 07:57:12 GMT | ERROR  | HTTP 404: ask for:  http://localhost:3000/api/v1/produits/
Wed, 17 Nov 2021 07:57:12 GMT | ERROR  | HTTP 404: ask for:  http://localhost:3000/api/v1/produits/
Wed, 17 Nov 2021 07:58:35 GMT | ERROR  | HTTP 404: ask for:  http://localhost:3000/api/v1/produits/
Wed, 17 Nov 2021 07:58:35 GMT | ERROR  | HTTP 404: ask for:  http://localhost:3000/api/v1/produits/
Wed, 17 Nov 2021 07:58:50 GMT | ERROR  | HTTP 404: ask for:  http://localhost:3000/api/v1/produits/
Wed, 17 Nov 2021 07:58:50 GMT | ERROR  | HTTP 404: ask for:  http://localhost:3000/api/v1/produits/
Wed, 17 Nov 2021 07:59:43 GMT | ERROR  | HTTP 404: ask for:  http://localhost:3000/api/v1/produits/
Wed, 17 Nov 2021 07:59:43 GMT | ERROR  | HTTP 404: ask for:  http://localhost:3000/api/v1/produits/
Wed, 17 Nov 2021 07:59:54 GMT | ERROR  | HTTP 404: ask for:  http://localhost:3000/api/v1/produits/
Wed, 17 Nov 2021 07:59:54 GMT | ERROR  | HTTP 404: ask for:  http://localhost:3000/api/v1/produits/
Wed, 17 Nov 2021 08:00:51 GMT | ERROR  | HTTP 404: ask for:  http://localhost:3000/api/v1/produits/
Wed, 17 Nov 2021 08:00:52 GMT | ERROR  | HTTP 404: ask for:  http://localhost:3000/api/v1/produits/
Wed, 17 Nov 2021 08:03:03 GMT | ERROR  | HTTP 404: ask for:  http://localhost:3000/api/v1/produits/
Wed, 17 Nov 2021 08:03:03 GMT | ERROR  | HTTP 404: ask for:  http://localhost:3000/api/v1/produits/
Wed, 17 Nov 2021 08:03:57 GMT | ERROR  | HTTP 404: ask for:  http://localhost:3000/api/v1/produits/
Wed, 17 Nov 2021 08:03:57 GMT | ERROR  | HTTP 404: ask for:  http://localhost:3000/api/v1/produits/
Wed, 17 Nov 2021 08:04:24 GMT | ERROR  | HTTP 404: ask for:  http://localhost:3000/api/v1/produits/
Wed, 17 Nov 2021 08:04:24 GMT | ERROR  | HTTP 404: ask for:  http://localhost:3000/api/v1/produits/
Wed, 17 Nov 2021 08:08:13 GMT | ERROR  | HTTP 404: ask for:  http://localhost:3000/api/v1/produits/
Wed, 17 Nov 2021 08:08:13 GMT | ERROR  | HTTP 404: ask for:  http://localhost:3000/api/v1/produits/
Wed, 17 Nov 2021 08:08:17 GMT | ERROR  | HTTP 404: ask for:  http://localhost:3000/api/v1/produits/
Wed, 17 Nov 2021 08:08:17 GMT | ERROR  | HTTP 404: ask for:  http://localhost:3000/api/v1/produits/
Wed, 17 Nov 2021 08:09:29 GMT | ERROR  | HTTP 404: ask for:  http://localhost:3000/api/v1/produits/
Wed, 17 Nov 2021 08:09:29 GMT | ERROR  | HTTP 404: ask for:  http://localhost:3000/api/v1/produits/
Wed, 17 Nov 2021 08:10:58 GMT | ERROR  | HTTP 404: ask for:  http://localhost:3000/api/v1/produits/
Wed, 17 Nov 2021 08:10:58 GMT | ERROR  | HTTP 404: ask for:  http://localhost:3000/api/v1/produits/
Wed, 17 Nov 2021 08:19:29 GMT | ERROR  | HTTP 404: ask for:  http://localhost:3000/api/v1/produits/
Wed, 17 Nov 2021 08:19:29 GMT | ERROR  | HTTP 404: ask for:  http://localhost:3000/api/v1/produits/
Wed, 17 Nov 2021 08:19:35 GMT | ERROR  | HTTP 404: ask for:  http://localhost:3000/api/v1/produits/
Wed, 17 Nov 2021 08:19:35 GMT | ERROR  | HTTP 404: ask for:  http://localhost:3000/api/v1/produits/
Wed, 17 Nov 2021 08:19:37 GMT | ERROR  | HTTP 404: ask for:  http://localhost:3000/api/v1/produits/
Wed, 17 Nov 2021 08:19:38 GMT | ERROR  | HTTP 404: ask for:  http://localhost:3000/api/v1/produits/
Wed, 17 Nov 2021 08:19:41 GMT | ERROR  | HTTP 404: ask for:  http://localhost:3000/api/v1/produits/
Wed, 17 Nov 2021 08:19:41 GMT | ERROR  | HTTP 404: ask for:  http://localhost:3000/api/v1/produits/
Tue, 23 Nov 2021 09:09:15 GMT | ERROR  | HTTP 404: ask for:  http://localhost:3000/api/v1/categories
Tue, 23 Nov 2021 09:09:15 GMT | ERROR  | HTTP 404: ask for:  http://localhost:3000/api/v1/categories
Tue, 23 Nov 2021 09:09:17 GMT | ERROR  | HTTP 404: ask for:  http://localhost:3000/api/v1/categories
Tue, 23 Nov 2021 09:09:25 GMT | ERROR  | HTTP 404: ask for:  http://localhost:3000/api/v1/categories
Tue, 23 Nov 2021 09:09:25 GMT | ERROR  | HTTP 404: ask for:  http://localhost:3000/api/v1/categories
Tue, 23 Nov 2021 09:09:33 GMT | ERROR  | HTTP 404: ask for:  http://localhost:3000/api/v1/categories
Tue, 23 Nov 2021 09:10:35 GMT | ERROR  | HTTP 404: ask for:  http://localhost:3000/api/v1/categories
Tue, 23 Nov 2021 09:10:35 GMT | ERROR  | HTTP 404: ask for:  http://localhost:3000/api/v1/categories
Tue, 23 Nov 2021 09:10:39 GMT | ERROR  | HTTP 404: ask for:  http://localhost:3000/api/v1/categories
Tue, 23 Nov 2021 09:10:50 GMT | ERROR  | HTTP 404: ask for:  http://localhost:3000/api/v1/categories
Tue, 23 Nov 2021 09:10:50 GMT | ERROR  | HTTP 404: ask for:  http://localhost:3000/api/v1/categories
Tue, 23 Nov 2021 09:10:57 GMT | ERROR  | HTTP 404: ask for:  http://localhost:3000/api/v1/categories
Tue, 23 Nov 2021 09:12:21 GMT | ERROR  | HTTP 404: ask for:  http://localhost:3000/api/v1/categories
Tue, 23 Nov 2021 09:18:47 GMT | ERROR  | HTTP 404: ask for:  http://localhost:3000/api/v1/categories
Tue, 23 Nov 2021 09:18:47 GMT | ERROR  | HTTP 404: ask for:  http://localhost:3000/api/v1/categories
Tue, 23 Nov 2021 09:18:47 GMT | ERROR  | HTTP 404: ask for:  http://localhost:3000/api/v1/categories
Tue, 23 Nov 2021 09:18:48 GMT | ERROR  | HTTP 404: ask for:  http://localhost:3000/api/v1/categories
Tue, 23 Nov 2021 09:18:48 GMT | ERROR  | HTTP 404: ask for:  http://localhost:3000/api/v1/categories
Tue, 23 Nov 2021 09:18:48 GMT | ERROR  | HTTP 404: ask for:  http://localhost:3000/api/v1/categories
Tue, 23 Nov 2021 09:18:48 GMT | ERROR  | HTTP 404: ask for:  http://localhost:3000/api/v1/categories
Tue, 23 Nov 2021 09:18:48 GMT | ERROR  | HTTP 404: ask for:  http://localhost:3000/api/v1/categories
Tue, 23 Nov 2021 09:18:48 GMT | ERROR  | HTTP 404: ask for:  http://localhost:3000/api/v1/categories
Tue, 23 Nov 2021 09:18:48 GMT | ERROR  | HTTP 404: ask for:  http://localhost:3000/api/v1/categories
Tue, 23 Nov 2021 09:18:48 GMT | ERROR  | HTTP 404: ask for:  http://localhost:3000/api/v1/categories
Tue, 23 Nov 2021 09:18:48 GMT | ERROR  | HTTP 404: ask for:  http://localhost:3000/api/v1/categories
