Thu, 23 Sep 2021 06:16:07 GMT | INFO  | Server is running on port: 3000
Thu, 23 Sep 2021 06:16:07 GMT | INFO  | Connected to database
Thu, 23 Sep 2021 06:33:03 GMT | INFO  | Server is running on port: 3000
Thu, 23 Sep 2021 06:33:03 GMT | INFO  | Connected to database
Thu, 23 Sep 2021 06:36:54 GMT | INFO  | Server is running on port: 3000
Thu, 23 Sep 2021 06:36:54 GMT | INFO  | Connected to database
Thu, 23 Sep 2021 06:47:31 GMT | INFO  | Server is running on port: 3000
Thu, 23 Sep 2021 06:47:31 GMT | INFO  | Connected to database
Thu, 23 Sep 2021 07:16:50 GMT | INFO  | Server is running on port: 3000
Thu, 23 Sep 2021 07:16:50 GMT | INFO  | Connected to database
Thu, 23 Sep 2021 07:22:54 GMT | INFO  | Server is running on port: 3000
Thu, 23 Sep 2021 07:22:54 GMT | INFO  | Connected to database
Thu, 23 Sep 2021 07:30:37 GMT | INFO  | Server is running on port: 3000
Thu, 23 Sep 2021 07:30:37 GMT | INFO  | Connected to database
Thu, 23 Sep 2021 07:35:36 GMT | INFO  | Server is running on port: 3000
Thu, 23 Sep 2021 07:35:36 GMT | INFO  | Connected to database
Thu, 23 Sep 2021 07:37:28 GMT | INFO  | Server is running on port: 3000
Thu, 23 Sep 2021 07:37:28 GMT | INFO  | Connected to database
Thu, 23 Sep 2021 07:41:35 GMT | INFO  | Server is running on port: 3000
Thu, 23 Sep 2021 07:41:35 GMT | INFO  | Connected to database
Thu, 23 Sep 2021 07:45:46 GMT | INFO  | Server is running on port: 3000
Thu, 23 Sep 2021 07:45:46 GMT | INFO  | Connected to database
Mon, 27 Sep 2021 11:43:32 GMT | INFO  | Server is running on port: 3000
Mon, 27 Sep 2021 11:43:32 GMT | INFO  | Connected to database
Mon, 27 Sep 2021 11:48:11 GMT | INFO  | Server is running on port: 3000
Mon, 27 Sep 2021 11:48:11 GMT | INFO  | Connected to database
Mon, 27 Sep 2021 11:53:59 GMT | INFO  | Server is running on port: 3000
Mon, 27 Sep 2021 11:53:59 GMT | INFO  | Connected to database
Mon, 27 Sep 2021 12:06:19 GMT | INFO  | Server is running on port: 3000
Mon, 27 Sep 2021 12:06:19 GMT | INFO  | Connected to database
Mon, 27 Sep 2021 12:09:24 GMT | INFO  | Server is running on port: 3000
Mon, 27 Sep 2021 12:09:24 GMT | INFO  | Connected to database
Mon, 27 Sep 2021 12:11:34 GMT | INFO  | Server is running on port: 3000
Mon, 27 Sep 2021 12:11:34 GMT | INFO  | Connected to database
Mon, 27 Sep 2021 12:12:13 GMT | INFO  | Server is running on port: 3000
Mon, 27 Sep 2021 12:12:13 GMT | INFO  | Connected to database
Mon, 27 Sep 2021 12:12:49 GMT | INFO  | Server is running on port: 3000
Mon, 27 Sep 2021 12:12:49 GMT | INFO  | Connected to database
Mon, 27 Sep 2021 12:17:27 GMT | INFO  | Server is running on port: 3000
Mon, 27 Sep 2021 12:17:27 GMT | INFO  | Connected to database
Mon, 27 Sep 2021 12:46:43 GMT | INFO  | Server is running on port: 3000
Mon, 27 Sep 2021 12:46:43 GMT | INFO  | Connected to database
Mon, 27 Sep 2021 12:56:48 GMT | INFO  | Server is running on port: 3000
Mon, 27 Sep 2021 12:56:48 GMT | INFO  | Connected to database
Mon, 27 Sep 2021 12:57:23 GMT | INFO  | Server is running on port: 3000
Mon, 27 Sep 2021 12:57:23 GMT | INFO  | Connected to database
Fri, 01 Oct 2021 13:15:25 GMT | INFO  | Server is running on port: 3000
Fri, 01 Oct 2021 13:15:25 GMT | INFO  | Connected to database
Fri, 01 Oct 2021 13:20:07 GMT | INFO  | Server is running on port: 3000
Fri, 01 Oct 2021 13:20:07 GMT | INFO  | Connected to database
Mon, 08 Nov 2021 12:31:58 GMT | INFO  | Server is running on port: 3000
Mon, 08 Nov 2021 12:31:58 GMT | INFO  | Connected to database
Mon, 08 Nov 2021 14:56:03 GMT | INFO  | Server is running on port: 3000
Mon, 08 Nov 2021 14:56:03 GMT | INFO  | Connected to database
Mon, 08 Nov 2021 15:05:53 GMT | INFO  | Server is running on port: 3000
Mon, 08 Nov 2021 15:05:53 GMT | INFO  | Connected to database
Mon, 08 Nov 2021 15:14:57 GMT | INFO  | Server is running on port: 3000
Mon, 08 Nov 2021 15:14:57 GMT | INFO  | Connected to database
Mon, 08 Nov 2021 15:23:09 GMT | INFO  | Server is running on port: 3000
Mon, 08 Nov 2021 15:23:09 GMT | INFO  | Connected to database
Mon, 08 Nov 2021 15:26:18 GMT | INFO  | Server is running on port: 3000
Mon, 08 Nov 2021 15:26:18 GMT | INFO  | Connected to database
Mon, 08 Nov 2021 15:29:33 GMT | INFO  | Server is running on port: 3000
Mon, 08 Nov 2021 15:29:33 GMT | INFO  | Connected to database
Mon, 08 Nov 2021 15:31:10 GMT | INFO  | Server is running on port: 3000
Mon, 08 Nov 2021 15:31:10 GMT | INFO  | Connected to database
Mon, 08 Nov 2021 16:08:59 GMT | INFO  | Server is running on port: 3000
Mon, 08 Nov 2021 16:08:59 GMT | INFO  | Connected to database
Mon, 15 Nov 2021 16:15:55 GMT | INFO  | Server is running on port: 3000
Mon, 15 Nov 2021 16:15:55 GMT | INFO  | Connected to database
Mon, 15 Nov 2021 16:31:18 GMT | INFO  | Server is running on port: 3000
Mon, 15 Nov 2021 16:31:18 GMT | INFO  | Connected to database
Mon, 15 Nov 2021 17:13:38 GMT | INFO  | Server is running on port: 3000
Mon, 15 Nov 2021 17:13:38 GMT | INFO  | Connected to database
Mon, 15 Nov 2021 17:14:54 GMT | INFO  | Server is running on port: 3000
Mon, 15 Nov 2021 17:14:54 GMT | INFO  | Connected to database
Tue, 16 Nov 2021 08:13:50 GMT | INFO  | Server is running on port: 3000
Tue, 16 Nov 2021 08:13:51 GMT | INFO  | Connected to database
Tue, 16 Nov 2021 09:00:04 GMT | INFO  | Server is running on port: 3000
Tue, 16 Nov 2021 09:00:04 GMT | INFO  | Connected to database
Wed, 17 Nov 2021 07:11:55 GMT | INFO  | Server is running on port: 3000
Wed, 17 Nov 2021 07:11:55 GMT | INFO  | Connected to database
Wed, 17 Nov 2021 07:29:59 GMT | INFO  | Server is running on port: 3000
Wed, 17 Nov 2021 07:29:59 GMT | INFO  | Connected to database
Wed, 17 Nov 2021 07:41:01 GMT | INFO  | Server is running on port: 3000
Wed, 17 Nov 2021 07:41:01 GMT | INFO  | Connected to database
Wed, 17 Nov 2021 07:41:19 GMT | INFO  | Server is running on port: 3000
Wed, 17 Nov 2021 07:41:19 GMT | INFO  | Connected to database
Wed, 17 Nov 2021 08:08:08 GMT | INFO  | Server is running on port: 3000
Wed, 17 Nov 2021 08:08:08 GMT | INFO  | Connected to database
Wed, 17 Nov 2021 08:25:51 GMT | INFO  | Server is running on port: 3000
Wed, 17 Nov 2021 08:25:51 GMT | INFO  | Connected to database
Wed, 17 Nov 2021 08:27:09 GMT | INFO  | Server is running on port: 3000
Wed, 17 Nov 2021 08:27:09 GMT | INFO  | Connected to database
Wed, 17 Nov 2021 08:28:28 GMT | INFO  | Server is running on port: 3000
Wed, 17 Nov 2021 08:28:28 GMT | INFO  | Connected to database
Wed, 17 Nov 2021 08:32:11 GMT | INFO  | Server is running on port: 3000
Wed, 17 Nov 2021 08:32:11 GMT | INFO  | Connected to database
Wed, 17 Nov 2021 08:32:27 GMT | INFO  | Server is running on port: 3000
Wed, 17 Nov 2021 08:32:27 GMT | INFO  | Connected to database
Wed, 17 Nov 2021 08:37:05 GMT | INFO  | Server is running on port: 3000
Wed, 17 Nov 2021 08:37:05 GMT | INFO  | Connected to database
Wed, 17 Nov 2021 10:02:14 GMT | INFO  | Server is running on port: 3000
Wed, 17 Nov 2021 10:02:14 GMT | INFO  | Connected to database
Thu, 18 Nov 2021 07:16:01 GMT | INFO  | Server is running on port: 3000
Thu, 18 Nov 2021 07:16:01 GMT | INFO  | Connected to database
Thu, 18 Nov 2021 09:41:34 GMT | INFO  | Server is running on port: 3000
Thu, 18 Nov 2021 09:41:34 GMT | INFO  | Connected to database
Thu, 18 Nov 2021 09:57:03 GMT | INFO  | Server is running on port: 3000
Thu, 18 Nov 2021 09:57:03 GMT | INFO  | Connected to database
Fri, 19 Nov 2021 01:06:13 GMT | INFO  | Server is running on port: 3000
Fri, 19 Nov 2021 01:06:13 GMT | INFO  | Connected to database
Fri, 19 Nov 2021 02:29:18 GMT | INFO  | Server is running on port: 3000
Fri, 19 Nov 2021 02:29:18 GMT | INFO  | Connected to database
Fri, 19 Nov 2021 02:36:50 GMT | INFO  | Server is running on port: 3000
Fri, 19 Nov 2021 02:36:50 GMT | INFO  | Connected to database
Tue, 23 Nov 2021 09:05:13 GMT | INFO  | Server is running on port: 3000
Tue, 23 Nov 2021 09:05:13 GMT | INFO  | Connected to database
Tue, 23 Nov 2021 09:08:58 GMT | INFO  | Server is running on port: 3000
Tue, 23 Nov 2021 09:08:58 GMT | INFO  | Connected to database
Tue, 23 Nov 2021 09:10:30 GMT | INFO  | Server is running on port: 3000
Tue, 23 Nov 2021 09:10:30 GMT | INFO  | Connected to database
Tue, 23 Nov 2021 09:18:54 GMT | INFO  | Server is running on port: 3000
Tue, 23 Nov 2021 09:18:54 GMT | INFO  | Connected to database
Tue, 23 Nov 2021 09:29:33 GMT | INFO  | Server is running on port: 3000
Tue, 23 Nov 2021 09:29:33 GMT | INFO  | Connected to database
Tue, 23 Nov 2021 22:34:04 GMT | INFO  | Server is running on port: 3000
Tue, 23 Nov 2021 22:34:06 GMT | INFO  | Connected to database
